sample.p(   63) : 0x0000 = Label      : BEGIN:
sample.p(   66) : 0x0000 = 0x91042480 :     LBCO     r0, C4, 4, 4
sample.p(   67) : 0x0001 = 0x1d04e0e0 :     CLR      r0, r0, 4
sample.p(   68) : 0x0002 = 0x81042480 :     SBCO     r0, C4, 4, 4
sample.p(   73) : 0x0003 = 0x240100e0 :     MOV      r0, 0x00000100
sample.p(   74) : 0x0004 = 0x240002c1 :     MOV      r1, 0x24028
sample.p(   74) : 0x0005 = 0x24402881 :     MOV      r1, 0x24028
sample.p(   75) : 0x0006 = 0xe1002180 :     SBBO     r0, r1, #0x00, 4
sample.p(   79) : 0x0007 = 0x240010c0 :     MOV      r0, 0x00100000
sample.p(   79) : 0x0008 = 0x24000080 :     MOV      r0, 0x00100000
sample.p(   80) : 0x0009 = 0x240002c1 :     MOV      r1, 0x2402C
sample.p(   80) : 0x000a = 0x24402c81 :     MOV      r1, 0x2402C
sample.p(   81) : 0x000b = 0xe1002180 :     SBBO     r0, r1, #0x00, 4
sample.p(   85) : 0x000c = 0x9100bf80 :     LBCO     r0, C31, 0, 12
sample.p(   89) : 0x000d = 0x8100bc80 :     SBCO     r0, C28, 0, 12
sample.p(   92) : 0x000e = 0x240001c7 :     MOV      r7, 0x00010004
sample.p(   92) : 0x000f = 0x24000487 :     MOV      r7, 0x00010004
sample.p(   93) : 0x0010 = 0x240fffe8 :     MOV      r8, 0x00000fff
sample.p(   95) : 0x0011 = Label      : WAIT_FI:
sample.p(   96) : 0x0011 = 0x240001cb :     MOV      r11, 0x00010000
sample.p(   96) : 0x0012 = 0x2400008b :     MOV      r11, 0x00010000
sample.p(   98) : 0x0013 = Label      : INS_LOOP:
sample.p(   99) : 0x0013 = Label      : _SHORT_DELAY_7_1_:
sample.p(   99) : 0x0013 = 0x2407d0f5 :     MOV      r21, 2000
sample.p(   99) : 0x0014 = Label      : _S_DEL_7_1_:
sample.p(   99) : 0x0014 = 0x0501f5f5 :     SUB      r21, r21, 1
sample.p(   99) : 0x0015 = 0x6f00f5ff :     QBNE     _S_DEL_7_1_, r21, 0
sample.p(  110) : 0x0016 = 0x910c3c8d :     LBCO     r13, C28, 12, 4
sample.p(  111) : 0x0017 = 0x6f01edfc :     QBNE     INS_LOOP, r13, 1
sample.p(  113) : 0x0018 = 0x240001e3 :     MOV      r3, 0x01
sample.p(  114) : 0x0019 = 0x81003c83 :     SBCO     r3, C28, 0, 4
sample.p(  115) : 0x001a = 0x240008e4 :     MOV      r4, 0x08
sample.p(  116) : 0x001b = 0x810c3c84 :     SBCO     r4, C28, 12, 4
sample.p(  119) : 0x001c = Label      : WAIT_FS:
sample.p(  120) : 0x001c = Label      : _SHORT_DELAY_7_2_:
sample.p(  120) : 0x001c = 0x2407d0f5 :     MOV      r21, 2000
sample.p(  120) : 0x001d = Label      : _S_DEL_7_2_:
sample.p(  120) : 0x001d = 0x0501f5f5 :     SUB      r21, r21, 1
sample.p(  120) : 0x001e = 0x6f00f5ff :     QBNE     _S_DEL_7_2_, r21, 0
sample.p(  122) : 0x001f = 0x910c3c89 :     LBCO     r9, C28, 12, 4
sample.p(  124) : 0x0020 = 0x91003c8d :     LBCO     r13, C28, 0, 4
sample.p(  125) : 0x0021 = 0x6f02edfb :     QBNE     WAIT_FS, r13, 0x02
sample.p(  127) : 0x0022 = Label      : SAMPLING:
sample.p(  128) : 0x0022 = 0x240000e3 :     MOV      r3, 0
sample.p(  129) : 0x0023 = 0x810c3c83 :     SBCO     r3, C28, 12, 4
sample.p(  133) : 0x0024 = 0x240014e4 :     MOV      r4, 20
sample.p(  134) : 0x0025 = Label      : SAMPLE:
sample.p(  136) : 0x0025 = 0xd110ff00 :     WBC      r31.t16
sample.p(  138) : 0x0026 = 0xc910ff00 :     WBS      r31.t16
sample.p(  143) : 0x0027 = 0x10ffffe2 :     MOV      r2, r31
sample.p(  144) : 0x0028 = 0x10ffffe2 :     MOV      r2, r31
sample.p(  145) : 0x0029 = 0x10ffffe2 :     MOV      r2, r31
sample.p(  151) : 0x002a = 0xe1000782 :     SBBO     r2, r7, 0, 2
sample.p(  152) : 0x002b = 0x0104e7e7 :     ADD      r7, r7, 4
sample.p(  154) : 0x002c = 0x0501e9e9 :     SUB      r9, r9, 1
sample.p(  155) : 0x002d = 0x6f00e9f8 :     QBNE     SAMPLE, r9, 0
sample.p(  157) : 0x002e = 0x240003e1 :     MOV      r1, 0x03
sample.p(  158) : 0x002f = 0x81003c81 :     SBCO     r1, C28, 0, 4
sample.p(  160) : 0x0030 = Label      : WAIT_FOR_EXIT:
sample.p(  161) : 0x0030 = Label      : _SHORT_DELAY_7_3_:
sample.p(  161) : 0x0030 = 0x2407d0f5 :     MOV      r21, 2000
sample.p(  161) : 0x0031 = Label      : _S_DEL_7_3_:
sample.p(  161) : 0x0031 = 0x0501f5f5 :     SUB      r21, r21, 1
sample.p(  161) : 0x0032 = 0x6f00f5ff :     QBNE     _S_DEL_7_3_, r21, 0
sample.p(  162) : 0x0033 = 0x91003c81 :     LBCO     r1, C28, 0, 4
sample.p(  163) : 0x0034 = 0x6f04e1fc :     QBNE     WAIT_FOR_EXIT, r1, 0x04
sample.p(  165) : 0x0035 = Label      : EXIT:
sample.p(  167) : 0x0035 = 0x2400241f :     MOV      r31.b0, 20+16
sample.p(  169) : 0x0036 = 0x2a000000 :     HALT     
